<?xml version="1.0" encoding="UTF-8"?>
<!-- Generated by org.testng.reporters.JUnitXMLReporter -->
<testsuite ignored="0" hostname="DESKTOP-BSVQKOV" failures="0" tests="1" name="DemoGuru Test" time="3.889" errors="0" timestamp="2020-02-11T21:03:37 CST">
  <testcase classname="com.guru.testCases.BaseClass" name="@BeforeClass setUP" time="2.209">
    <failure type="org.openqa.selenium.SessionNotCreatedException" message="session not created: This version of ChromeDriver only supports Chrome version 78
Build info: version: &amp;apos;3.141.59&amp;apos;, revision: &amp;apos;e82be7d358&amp;apos;, time: &amp;apos;2018-11-14T08:17:03&amp;apos;
System info: host: &amp;apos;DESKTOP-BSVQKOV&amp;apos;, ip: &amp;apos;192.168.1.8&amp;apos;, os.name: &amp;apos;Windows 10&amp;apos;, os.arch: &amp;apos;amd64&amp;apos;, os.version: &amp;apos;10.0&amp;apos;, java.version: &amp;apos;12&amp;apos;
Driver info: driver.version: ChromeDriver
remote stacktrace: Backtrace:
	Ordinal0 [0x00C7AA43+1550915]
	Ordinal0 [0x00BFA901+1026305]
	Ordinal0 [0x00B7C915+510229]
	Ordinal0 [0x00B0FC68+64616]
	Ordinal0 [0x00B0C594+50580]
	Ordinal0 [0x00B2ACE7+175335]
	Ordinal0 [0x00B2A8ED+174317]
	Ordinal0 [0x00B28CDB+167131]
	Ordinal0 [0x00B1144A+70730]
	Ordinal0 [0x00B124D0+74960]
	Ordinal0 [0x00B12469+74857]
	Ordinal0 [0x00C144C7+1131719]
	GetHandleVerifier [0x00D1722D+523773]
	GetHandleVerifier [0x00D16FC0+523152]
	GetHandleVerifier [0x00D1E317+552679]
	GetHandleVerifier [0x00D17A2A+525818]
	Ordinal0 [0x00C0B9FC+1096188]
	Ordinal0 [0x00C1653B+1140027]
	Ordinal0 [0x00C166A3+1140387]
	Ordinal0 [0x00C15625+1136165]
	BaseThreadInitThunk [0x74B96359+25]
	RtlGetAppContainerNamedObjectPath [0x76F17B74+228]
	RtlGetAppContainerNamedObjectPath [0x76F17B44+180]
">
      <![CDATA[org.openqa.selenium.SessionNotCreatedException: session not created: This version of ChromeDriver only supports Chrome version 78
Build info: version: '3.141.59', revision: 'e82be7d358', time: '2018-11-14T08:17:03'
System info: host: 'DESKTOP-BSVQKOV', ip: '192.168.1.8', os.name: 'Windows 10', os.arch: 'amd64', os.version: '10.0', java.version: '12'
Driver info: driver.version: ChromeDriver
remote stacktrace: Backtrace:
Ordinal0 [0x00C7AA43+1550915]
Ordinal0 [0x00BFA901+1026305]
Ordinal0 [0x00B7C915+510229]
Ordinal0 [0x00B0FC68+64616]
Ordinal0 [0x00B0C594+50580]
Ordinal0 [0x00B2ACE7+175335]
Ordinal0 [0x00B2A8ED+174317]
Ordinal0 [0x00B28CDB+167131]
Ordinal0 [0x00B1144A+70730]
Ordinal0 [0x00B124D0+74960]
Ordinal0 [0x00B12469+74857]
Ordinal0 [0x00C144C7+1131719]
GetHandleVerifier [0x00D1722D+523773]
GetHandleVerifier [0x00D16FC0+523152]
GetHandleVerifier [0x00D1E317+552679]
GetHandleVerifier [0x00D17A2A+525818]
Ordinal0 [0x00C0B9FC+1096188]
Ordinal0 [0x00C1653B+1140027]
Ordinal0 [0x00C166A3+1140387]
Ordinal0 [0x00C15625+1136165]
BaseThreadInitThunk [0x74B96359+25]
RtlGetAppContainerNamedObjectPath [0x76F17B74+228]
RtlGetAppContainerNamedObjectPath [0x76F17B44+180]

at org.openqa.selenium.remote.W3CHandshakeResponse.lambda$errorHandler$0(W3CHandshakeResponse.java:62)
at org.openqa.selenium.remote.HandshakeResponse.lambda$getResponseFunction$0(HandshakeResponse.java:30)
at org.openqa.selenium.remote.ProtocolHandshake.lambda$createSession$0(ProtocolHandshake.java:126)
at java.base/java.util.stream.ReferencePipeline$3$1.accept(ReferencePipeline.java:195)
at java.base/java.util.Spliterators$ArraySpliterator.tryAdvance(Spliterators.java:958)
at java.base/java.util.stream.ReferencePipeline.forEachWithCancel(ReferencePipeline.java:127)
at java.base/java.util.stream.AbstractPipeline.copyIntoWithCancel(AbstractPipeline.java:502)
at java.base/java.util.stream.AbstractPipeline.copyInto(AbstractPipeline.java:488)
at java.base/java.util.stream.AbstractPipeline.wrapAndCopyInto(AbstractPipeline.java:474)
at java.base/java.util.stream.FindOps$FindOp.evaluateSequential(FindOps.java:150)
at java.base/java.util.stream.AbstractPipeline.evaluate(AbstractPipeline.java:234)
at java.base/java.util.stream.ReferencePipeline.findFirst(ReferencePipeline.java:543)
at org.openqa.selenium.remote.ProtocolHandshake.createSession(ProtocolHandshake.java:128)
at org.openqa.selenium.remote.ProtocolHandshake.createSession(ProtocolHandshake.java:74)
at org.openqa.selenium.remote.HttpCommandExecutor.execute(HttpCommandExecutor.java:136)
at org.openqa.selenium.remote.service.DriverCommandExecutor.execute(DriverCommandExecutor.java:83)
at org.openqa.selenium.remote.RemoteWebDriver.execute(RemoteWebDriver.java:552)
at org.openqa.selenium.remote.RemoteWebDriver.startSession(RemoteWebDriver.java:213)
at org.openqa.selenium.remote.RemoteWebDriver.<init>(RemoteWebDriver.java:131)
at org.openqa.selenium.chrome.ChromeDriver.<init>(ChromeDriver.java:181)
at org.openqa.selenium.chrome.ChromeDriver.<init>(ChromeDriver.java:168)
at org.openqa.selenium.chrome.ChromeDriver.<init>(ChromeDriver.java:123)
at com.guru.testCases.BaseClass.setUP(BaseClass.java:64)
at java.base/java.util.ArrayList.forEach(ArrayList.java:1540)
... Removed 30 stack frames]]>
    </failure>
  </testcase> <!-- @BeforeClass setUP -->
  <testcase classname="com.guru.testCases.BaseClass" name="@AfterClass tearDown" time="-1.581476617867E9">
    <skipped/>
  </testcase> <!-- @AfterClass tearDown -->
  <testcase classname="com.guru.testCases.DemoGuru_NewCust_DDT_TC003" name="DemoGuru_DDT" time="0.0">
    <skipped/>
  </testcase> <!-- DemoGuru_DDT -->
</testsuite> <!-- DemoGuru Test -->
