<?xml version="1.0" encoding="UTF-8"?>
<testng-results ignored="0" total="1" passed="0" failed="0" skipped="1">
  <reporter-output>
  </reporter-output>
  <suite started-at="2020-02-11T21:03:33 CST" name="DemoGuru99" finished-at="2020-02-11T21:03:37 CST" duration-ms="3889">
    <groups>
    </groups>
    <test started-at="2020-02-11T21:03:33 CST" name="DemoGuru Test" finished-at="2020-02-11T21:03:37 CST" duration-ms="3889">
      <class name="com.guru.testCases.DemoGuru_NewCust_DDT_TC003">
        <test-method is-config="true" signature="setUP(java.lang.String)[pri:0, instance:com.guru.testCases.DemoGuru_NewCust_DDT_TC003@1e802ef9]" started-at="2020-02-11T21:03:34 CST" name="setUP" finished-at="2020-02-11T21:03:36 CST" duration-ms="2209" status="FAIL">
          <params>
            <param index="0">
              <value>
                <![CDATA[chrome]]>
              </value>
            </param>
          </params>
          <exception class="org.openqa.selenium.SessionNotCreatedException">
            <message>
              <![CDATA[session not created: This version of ChromeDriver only supports Chrome version 78
Build info: version: '3.141.59', revision: 'e82be7d358', time: '2018-11-14T08:17:03'
System info: host: 'DESKTOP-BSVQKOV', ip: '192.168.1.8', os.name: 'Windows 10', os.arch: 'amd64', os.version: '10.0', java.version: '12'
Driver info: driver.version: ChromeDriver
remote stacktrace: Backtrace:
Ordinal0 [0x00C7AA43+1550915]
Ordinal0 [0x00BFA901+1026305]
Ordinal0 [0x00B7C915+510229]
Ordinal0 [0x00B0FC68+64616]
Ordinal0 [0x00B0C594+50580]
Ordinal0 [0x00B2ACE7+175335]
Ordinal0 [0x00B2A8ED+174317]
Ordinal0 [0x00B28CDB+167131]
Ordinal0 [0x00B1144A+70730]
Ordinal0 [0x00B124D0+74960]
Ordinal0 [0x00B12469+74857]
Ordinal0 [0x00C144C7+1131719]
GetHandleVerifier [0x00D1722D+523773]
GetHandleVerifier [0x00D16FC0+523152]
GetHandleVerifier [0x00D1E317+552679]
GetHandleVerifier [0x00D17A2A+525818]
Ordinal0 [0x00C0B9FC+1096188]
Ordinal0 [0x00C1653B+1140027]
Ordinal0 [0x00C166A3+1140387]
Ordinal0 [0x00C15625+1136165]
BaseThreadInitThunk [0x74B96359+25]
RtlGetAppContainerNamedObjectPath [0x76F17B74+228]
RtlGetAppContainerNamedObjectPath [0x76F17B44+180]
]]>
            </message>
            <full-stacktrace>
              <![CDATA[org.openqa.selenium.SessionNotCreatedException: session not created: This version of ChromeDriver only supports Chrome version 78
Build info: version: '3.141.59', revision: 'e82be7d358', time: '2018-11-14T08:17:03'
System info: host: 'DESKTOP-BSVQKOV', ip: '192.168.1.8', os.name: 'Windows 10', os.arch: 'amd64', os.version: '10.0', java.version: '12'
Driver info: driver.version: ChromeDriver
remote stacktrace: Backtrace:
Ordinal0 [0x00C7AA43+1550915]
Ordinal0 [0x00BFA901+1026305]
Ordinal0 [0x00B7C915+510229]
Ordinal0 [0x00B0FC68+64616]
Ordinal0 [0x00B0C594+50580]
Ordinal0 [0x00B2ACE7+175335]
Ordinal0 [0x00B2A8ED+174317]
Ordinal0 [0x00B28CDB+167131]
Ordinal0 [0x00B1144A+70730]
Ordinal0 [0x00B124D0+74960]
Ordinal0 [0x00B12469+74857]
Ordinal0 [0x00C144C7+1131719]
GetHandleVerifier [0x00D1722D+523773]
GetHandleVerifier [0x00D16FC0+523152]
GetHandleVerifier [0x00D1E317+552679]
GetHandleVerifier [0x00D17A2A+525818]
Ordinal0 [0x00C0B9FC+1096188]
Ordinal0 [0x00C1653B+1140027]
Ordinal0 [0x00C166A3+1140387]
Ordinal0 [0x00C15625+1136165]
BaseThreadInitThunk [0x74B96359+25]
RtlGetAppContainerNamedObjectPath [0x76F17B74+228]
RtlGetAppContainerNamedObjectPath [0x76F17B44+180]

at java.base/jdk.internal.reflect.NativeConstructorAccessorImpl.newInstance0(Native Method)
at java.base/jdk.internal.reflect.NativeConstructorAccessorImpl.newInstance(NativeConstructorAccessorImpl.java:62)
at java.base/jdk.internal.reflect.DelegatingConstructorAccessorImpl.newInstance(DelegatingConstructorAccessorImpl.java:45)
at java.base/java.lang.reflect.Constructor.newInstanceWithCaller(Constructor.java:500)
at java.base/java.lang.reflect.Constructor.newInstance(Constructor.java:481)
at org.openqa.selenium.remote.W3CHandshakeResponse.lambda$errorHandler$0(W3CHandshakeResponse.java:62)
at org.openqa.selenium.remote.HandshakeResponse.lambda$getResponseFunction$0(HandshakeResponse.java:30)
at org.openqa.selenium.remote.ProtocolHandshake.lambda$createSession$0(ProtocolHandshake.java:126)
at java.base/java.util.stream.ReferencePipeline$3$1.accept(ReferencePipeline.java:195)
at java.base/java.util.Spliterators$ArraySpliterator.tryAdvance(Spliterators.java:958)
at java.base/java.util.stream.ReferencePipeline.forEachWithCancel(ReferencePipeline.java:127)
at java.base/java.util.stream.AbstractPipeline.copyIntoWithCancel(AbstractPipeline.java:502)
at java.base/java.util.stream.AbstractPipeline.copyInto(AbstractPipeline.java:488)
at java.base/java.util.stream.AbstractPipeline.wrapAndCopyInto(AbstractPipeline.java:474)
at java.base/java.util.stream.FindOps$FindOp.evaluateSequential(FindOps.java:150)
at java.base/java.util.stream.AbstractPipeline.evaluate(AbstractPipeline.java:234)
at java.base/java.util.stream.ReferencePipeline.findFirst(ReferencePipeline.java:543)
at org.openqa.selenium.remote.ProtocolHandshake.createSession(ProtocolHandshake.java:128)
at org.openqa.selenium.remote.ProtocolHandshake.createSession(ProtocolHandshake.java:74)
at org.openqa.selenium.remote.HttpCommandExecutor.execute(HttpCommandExecutor.java:136)
at org.openqa.selenium.remote.service.DriverCommandExecutor.execute(DriverCommandExecutor.java:83)
at org.openqa.selenium.remote.RemoteWebDriver.execute(RemoteWebDriver.java:552)
at org.openqa.selenium.remote.RemoteWebDriver.startSession(RemoteWebDriver.java:213)
at org.openqa.selenium.remote.RemoteWebDriver.<init>(RemoteWebDriver.java:131)
at org.openqa.selenium.chrome.ChromeDriver.<init>(ChromeDriver.java:181)
at org.openqa.selenium.chrome.ChromeDriver.<init>(ChromeDriver.java:168)
at org.openqa.selenium.chrome.ChromeDriver.<init>(ChromeDriver.java:123)
at com.guru.testCases.BaseClass.setUP(BaseClass.java:64)
at java.base/jdk.internal.reflect.NativeMethodAccessorImpl.invoke0(Native Method)
at java.base/jdk.internal.reflect.NativeMethodAccessorImpl.invoke(NativeMethodAccessorImpl.java:62)
at java.base/jdk.internal.reflect.DelegatingMethodAccessorImpl.invoke(DelegatingMethodAccessorImpl.java:43)
at java.base/java.lang.reflect.Method.invoke(Method.java:567)
at org.testng.internal.MethodInvocationHelper.invokeMethod(MethodInvocationHelper.java:133)
at org.testng.internal.MethodInvocationHelper.invokeMethodConsideringTimeout(MethodInvocationHelper.java:62)
at org.testng.internal.ConfigInvoker.invokeConfigurationMethod(ConfigInvoker.java:340)
at org.testng.internal.ConfigInvoker.invokeConfigurations(ConfigInvoker.java:294)
at org.testng.internal.TestMethodWorker.invokeBeforeClassMethods(TestMethodWorker.java:176)
at org.testng.internal.TestMethodWorker.run(TestMethodWorker.java:122)
at java.base/java.util.ArrayList.forEach(ArrayList.java:1540)
at org.testng.TestRunner.privateRun(TestRunner.java:770)
at org.testng.TestRunner.run(TestRunner.java:591)
at org.testng.SuiteRunner.runTest(SuiteRunner.java:402)
at org.testng.SuiteRunner.runSequentially(SuiteRunner.java:396)
at org.testng.SuiteRunner.privateRun(SuiteRunner.java:355)
at org.testng.SuiteRunner.run(SuiteRunner.java:304)
at org.testng.SuiteRunnerWorker.runSuite(SuiteRunnerWorker.java:53)
at org.testng.SuiteRunnerWorker.run(SuiteRunnerWorker.java:96)
at org.testng.TestNG.runSuitesSequentially(TestNG.java:1180)
at org.testng.TestNG.runSuitesLocally(TestNG.java:1102)
at org.testng.TestNG.runSuites(TestNG.java:1032)
at org.testng.TestNG.run(TestNG.java:1000)
at org.testng.remote.AbstractRemoteTestNG.run(AbstractRemoteTestNG.java:115)
at org.testng.remote.RemoteTestNG.initAndRun(RemoteTestNG.java:251)
at org.testng.remote.RemoteTestNG.main(RemoteTestNG.java:77)
]]>
            </full-stacktrace>
          </exception> <!-- org.openqa.selenium.SessionNotCreatedException -->
          <reporter-output>
          </reporter-output>
        </test-method> <!-- setUP -->
        <test-method signature="DemoGuru_DDT(java.lang.String, java.lang.String, java.lang.String, java.lang.String, java.lang.String, java.lang.String, java.lang.String, java.lang.String, java.lang.String, java.lang.String, java.lang.String, java.lang.String, java.lang.String)[pri:0, instance:com.guru.testCases.DemoGuru_NewCust_DDT_TC003@1e802ef9]" started-at="2020-02-11T21:03:37 CST" name="DemoGuru_DDT" data-provider="LoginData" finished-at="2020-02-11T21:03:37 CST" duration-ms="0" status="SKIP">
          <exception class="org.openqa.selenium.SessionNotCreatedException">
            <message>
              <![CDATA[session not created: This version of ChromeDriver only supports Chrome version 78
Build info: version: '3.141.59', revision: 'e82be7d358', time: '2018-11-14T08:17:03'
System info: host: 'DESKTOP-BSVQKOV', ip: '192.168.1.8', os.name: 'Windows 10', os.arch: 'amd64', os.version: '10.0', java.version: '12'
Driver info: driver.version: ChromeDriver
remote stacktrace: Backtrace:
Ordinal0 [0x00C7AA43+1550915]
Ordinal0 [0x00BFA901+1026305]
Ordinal0 [0x00B7C915+510229]
Ordinal0 [0x00B0FC68+64616]
Ordinal0 [0x00B0C594+50580]
Ordinal0 [0x00B2ACE7+175335]
Ordinal0 [0x00B2A8ED+174317]
Ordinal0 [0x00B28CDB+167131]
Ordinal0 [0x00B1144A+70730]
Ordinal0 [0x00B124D0+74960]
Ordinal0 [0x00B12469+74857]
Ordinal0 [0x00C144C7+1131719]
GetHandleVerifier [0x00D1722D+523773]
GetHandleVerifier [0x00D16FC0+523152]
GetHandleVerifier [0x00D1E317+552679]
GetHandleVerifier [0x00D17A2A+525818]
Ordinal0 [0x00C0B9FC+1096188]
Ordinal0 [0x00C1653B+1140027]
Ordinal0 [0x00C166A3+1140387]
Ordinal0 [0x00C15625+1136165]
BaseThreadInitThunk [0x74B96359+25]
RtlGetAppContainerNamedObjectPath [0x76F17B74+228]
RtlGetAppContainerNamedObjectPath [0x76F17B44+180]
]]>
            </message>
            <full-stacktrace>
              <![CDATA[org.openqa.selenium.SessionNotCreatedException: session not created: This version of ChromeDriver only supports Chrome version 78
Build info: version: '3.141.59', revision: 'e82be7d358', time: '2018-11-14T08:17:03'
System info: host: 'DESKTOP-BSVQKOV', ip: '192.168.1.8', os.name: 'Windows 10', os.arch: 'amd64', os.version: '10.0', java.version: '12'
Driver info: driver.version: ChromeDriver
remote stacktrace: Backtrace:
Ordinal0 [0x00C7AA43+1550915]
Ordinal0 [0x00BFA901+1026305]
Ordinal0 [0x00B7C915+510229]
Ordinal0 [0x00B0FC68+64616]
Ordinal0 [0x00B0C594+50580]
Ordinal0 [0x00B2ACE7+175335]
Ordinal0 [0x00B2A8ED+174317]
Ordinal0 [0x00B28CDB+167131]
Ordinal0 [0x00B1144A+70730]
Ordinal0 [0x00B124D0+74960]
Ordinal0 [0x00B12469+74857]
Ordinal0 [0x00C144C7+1131719]
GetHandleVerifier [0x00D1722D+523773]
GetHandleVerifier [0x00D16FC0+523152]
GetHandleVerifier [0x00D1E317+552679]
GetHandleVerifier [0x00D17A2A+525818]
Ordinal0 [0x00C0B9FC+1096188]
Ordinal0 [0x00C1653B+1140027]
Ordinal0 [0x00C166A3+1140387]
Ordinal0 [0x00C15625+1136165]
BaseThreadInitThunk [0x74B96359+25]
RtlGetAppContainerNamedObjectPath [0x76F17B74+228]
RtlGetAppContainerNamedObjectPath [0x76F17B44+180]

at java.base/jdk.internal.reflect.NativeConstructorAccessorImpl.newInstance0(Native Method)
at java.base/jdk.internal.reflect.NativeConstructorAccessorImpl.newInstance(NativeConstructorAccessorImpl.java:62)
at java.base/jdk.internal.reflect.DelegatingConstructorAccessorImpl.newInstance(DelegatingConstructorAccessorImpl.java:45)
at java.base/java.lang.reflect.Constructor.newInstanceWithCaller(Constructor.java:500)
at java.base/java.lang.reflect.Constructor.newInstance(Constructor.java:481)
at org.openqa.selenium.remote.W3CHandshakeResponse.lambda$errorHandler$0(W3CHandshakeResponse.java:62)
at org.openqa.selenium.remote.HandshakeResponse.lambda$getResponseFunction$0(HandshakeResponse.java:30)
at org.openqa.selenium.remote.ProtocolHandshake.lambda$createSession$0(ProtocolHandshake.java:126)
at java.base/java.util.stream.ReferencePipeline$3$1.accept(ReferencePipeline.java:195)
at java.base/java.util.Spliterators$ArraySpliterator.tryAdvance(Spliterators.java:958)
at java.base/java.util.stream.ReferencePipeline.forEachWithCancel(ReferencePipeline.java:127)
at java.base/java.util.stream.AbstractPipeline.copyIntoWithCancel(AbstractPipeline.java:502)
at java.base/java.util.stream.AbstractPipeline.copyInto(AbstractPipeline.java:488)
at java.base/java.util.stream.AbstractPipeline.wrapAndCopyInto(AbstractPipeline.java:474)
at java.base/java.util.stream.FindOps$FindOp.evaluateSequential(FindOps.java:150)
at java.base/java.util.stream.AbstractPipeline.evaluate(AbstractPipeline.java:234)
at java.base/java.util.stream.ReferencePipeline.findFirst(ReferencePipeline.java:543)
at org.openqa.selenium.remote.ProtocolHandshake.createSession(ProtocolHandshake.java:128)
at org.openqa.selenium.remote.ProtocolHandshake.createSession(ProtocolHandshake.java:74)
at org.openqa.selenium.remote.HttpCommandExecutor.execute(HttpCommandExecutor.java:136)
at org.openqa.selenium.remote.service.DriverCommandExecutor.execute(DriverCommandExecutor.java:83)
at org.openqa.selenium.remote.RemoteWebDriver.execute(RemoteWebDriver.java:552)
at org.openqa.selenium.remote.RemoteWebDriver.startSession(RemoteWebDriver.java:213)
at org.openqa.selenium.remote.RemoteWebDriver.<init>(RemoteWebDriver.java:131)
at org.openqa.selenium.chrome.ChromeDriver.<init>(ChromeDriver.java:181)
at org.openqa.selenium.chrome.ChromeDriver.<init>(ChromeDriver.java:168)
at org.openqa.selenium.chrome.ChromeDriver.<init>(ChromeDriver.java:123)
at com.guru.testCases.BaseClass.setUP(BaseClass.java:64)
at java.base/jdk.internal.reflect.NativeMethodAccessorImpl.invoke0(Native Method)
at java.base/jdk.internal.reflect.NativeMethodAccessorImpl.invoke(NativeMethodAccessorImpl.java:62)
at java.base/jdk.internal.reflect.DelegatingMethodAccessorImpl.invoke(DelegatingMethodAccessorImpl.java:43)
at java.base/java.lang.reflect.Method.invoke(Method.java:567)
at org.testng.internal.MethodInvocationHelper.invokeMethod(MethodInvocationHelper.java:133)
at org.testng.internal.MethodInvocationHelper.invokeMethodConsideringTimeout(MethodInvocationHelper.java:62)
at org.testng.internal.ConfigInvoker.invokeConfigurationMethod(ConfigInvoker.java:340)
at org.testng.internal.ConfigInvoker.invokeConfigurations(ConfigInvoker.java:294)
at org.testng.internal.TestMethodWorker.invokeBeforeClassMethods(TestMethodWorker.java:176)
at org.testng.internal.TestMethodWorker.run(TestMethodWorker.java:122)
at java.base/java.util.ArrayList.forEach(ArrayList.java:1540)
at org.testng.TestRunner.privateRun(TestRunner.java:770)
at org.testng.TestRunner.run(TestRunner.java:591)
at org.testng.SuiteRunner.runTest(SuiteRunner.java:402)
at org.testng.SuiteRunner.runSequentially(SuiteRunner.java:396)
at org.testng.SuiteRunner.privateRun(SuiteRunner.java:355)
at org.testng.SuiteRunner.run(SuiteRunner.java:304)
at org.testng.SuiteRunnerWorker.runSuite(SuiteRunnerWorker.java:53)
at org.testng.SuiteRunnerWorker.run(SuiteRunnerWorker.java:96)
at org.testng.TestNG.runSuitesSequentially(TestNG.java:1180)
at org.testng.TestNG.runSuitesLocally(TestNG.java:1102)
at org.testng.TestNG.runSuites(TestNG.java:1032)
at org.testng.TestNG.run(TestNG.java:1000)
at org.testng.remote.AbstractRemoteTestNG.run(AbstractRemoteTestNG.java:115)
at org.testng.remote.RemoteTestNG.initAndRun(RemoteTestNG.java:251)
at org.testng.remote.RemoteTestNG.main(RemoteTestNG.java:77)
]]>
            </full-stacktrace>
          </exception> <!-- org.openqa.selenium.SessionNotCreatedException -->
          <reporter-output>
          </reporter-output>
        </test-method> <!-- DemoGuru_DDT -->
        <test-method is-config="true" signature="tearDown()[pri:0, instance:com.guru.testCases.DemoGuru_NewCust_DDT_TC003@1e802ef9]" started-at="2020-02-11T21:03:37 CST" name="tearDown" finished-at="1969-12-31T18:00:00 CST" duration-ms="-1581476617867" status="SKIP">
          <reporter-output>
          </reporter-output>
        </test-method> <!-- tearDown -->
      </class> <!-- com.guru.testCases.DemoGuru_NewCust_DDT_TC003 -->
    </test> <!-- DemoGuru Test -->
  </suite> <!-- DemoGuru99 -->
</testng-results>
